{
  message: 'The ENV_LEVEL is test, logs will be saved in deploy-1702670184396.log file',
  level: 'debug',
  timestamp: '2023-12-15T19:56:24.404Z'
}
{
  message: 'Creating new MongoDBAdapter instance',
  level: 'debug',
  timestamp: '2023-12-15T19:56:25.946Z'
}
{
  message: 'MongoDB connected',
  level: 'info',
  timestamp: '2023-12-15T19:56:26.739Z'
}
{
  message: 'Deploy Campaign initialized.',
  level: 'info',
  timestamp: '2023-12-15T19:56:26.943Z'
}
{
  message: 'Deploy Campaign execution started.',
  level: 'info',
  timestamp: '2023-12-15T19:56:26.945Z'
}
{
  message: 'ZNSAccessController found in DB at 0xe4A73F07Bcc5C721286a2442CA1802006e0705f9, no deployment needed.',
  level: 'info',
  timestamp: '2023-12-15T19:56:27.342Z'
}
{
  message: 'Updating ZNSAccessController in state from DB data with address 0xe4A73F07Bcc5C721286a2442CA1802006e0705f9',
  level: 'debug',
  timestamp: '2023-12-15T19:56:27.362Z'
}
{
  message: "Data of deployed contract 'ZNSAccessController' is added to Campaign state at 'accessController'.",
  level: 'debug',
  timestamp: '2023-12-15T19:56:27.363Z'
}
{
  message: 'Skipping ZNSAccessController deployment...',
  level: 'info',
  timestamp: '2023-12-15T19:56:27.364Z'
}
{
  message: 'ZNSRegistry found in DB at 0xc6e485126d9ddE9907ca5065e1cB1a4e09A5a203, no deployment needed.',
  level: 'info',
  timestamp: '2023-12-15T19:56:27.648Z'
}
{
  message: 'Updating ZNSRegistry in state from DB data with address 0xc6e485126d9ddE9907ca5065e1cB1a4e09A5a203',
  level: 'debug',
  timestamp: '2023-12-15T19:56:27.686Z'
}
{
  message: "Data of deployed contract 'ZNSRegistry' is added to Campaign state at 'registry'.",
  level: 'debug',
  timestamp: '2023-12-15T19:56:27.687Z'
}
{
  message: 'Skipping ZNSRegistry deployment...',
  level: 'info',
  timestamp: '2023-12-15T19:56:27.689Z'
}
{
  message: 'ZNSDomainToken found in DB at 0xc7c8A3b153A67B6BE6bCAe0fd7DeaDD6B9774941, no deployment needed.',
  level: 'info',
  timestamp: '2023-12-15T19:56:27.971Z'
}
{
  message: 'Updating ZNSDomainToken in state from DB data with address 0xc7c8A3b153A67B6BE6bCAe0fd7DeaDD6B9774941',
  level: 'debug',
  timestamp: '2023-12-15T19:56:27.981Z'
}
{
  message: "Data of deployed contract 'ZNSDomainToken' is added to Campaign state at 'domainToken'.",
  level: 'debug',
  timestamp: '2023-12-15T19:56:27.982Z'
}
{
  message: 'Skipping ZNSDomainToken deployment...',
  level: 'info',
  timestamp: '2023-12-15T19:56:27.983Z'
}
{
  message: 'MeowTokenMock found in DB at 0xD7e97c74fb7F20bE34f372204d64c292DC019e73, no deployment needed.',
  level: 'info',
  timestamp: '2023-12-15T19:56:28.265Z'
}
{
  message: 'Updating MeowTokenMock in state from DB data with address 0xD7e97c74fb7F20bE34f372204d64c292DC019e73',
  level: 'debug',
  timestamp: '2023-12-15T19:56:28.269Z'
}
{
  message: "Data of deployed contract 'MeowTokenMock' is added to Campaign state at 'meowToken'.",
  level: 'debug',
  timestamp: '2023-12-15T19:56:28.270Z'
}
{
  message: 'Skipping MeowTokenMock deployment...',
  level: 'info',
  timestamp: '2023-12-15T19:56:28.271Z'
}
{
  message: 'MeowTokenMock needs post deploy sequence',
  level: 'debug',
  timestamp: '2023-12-15T19:56:28.272Z'
}
{
  message: 'MeowTokenMock post deploy sequence completed',
  level: 'debug',
  timestamp: '2023-12-15T19:56:29.617Z'
}
{
  message: 'ZNSAddressResolver found in DB at 0xc0Bc80888a76dF53290ecA1C8fbDB8e9D82319eb, no deployment needed.',
  level: 'info',
  timestamp: '2023-12-15T19:56:29.972Z'
}
{
  message: 'Updating ZNSAddressResolver in state from DB data with address 0xc0Bc80888a76dF53290ecA1C8fbDB8e9D82319eb',
  level: 'debug',
  timestamp: '2023-12-15T19:56:29.978Z'
}
{
  message: "Data of deployed contract 'ZNSAddressResolver' is added to Campaign state at 'addressResolver'.",
  level: 'debug',
  timestamp: '2023-12-15T19:56:29.979Z'
}
{
  message: 'Skipping ZNSAddressResolver deployment...',
  level: 'info',
  timestamp: '2023-12-15T19:56:29.980Z'
}
{
  message: "ZNSAddressResolver doesn't need post deploy sequence",
  level: 'debug',
  timestamp: '2023-12-15T19:56:30.331Z'
}
{
  message: 'ZNSCurvePricer found in DB at 0xc301c61E6bba16555404C8aE7844D5451498bf78, no deployment needed.',
  level: 'info',
  timestamp: '2023-12-15T19:56:30.715Z'
}
{
  message: 'Updating ZNSCurvePricer in state from DB data with address 0xc301c61E6bba16555404C8aE7844D5451498bf78',
  level: 'debug',
  timestamp: '2023-12-15T19:56:30.730Z'
}
{
  message: "Data of deployed contract 'ZNSCurvePricer' is added to Campaign state at 'curvePricer'.",
  level: 'debug',
  timestamp: '2023-12-15T19:56:30.731Z'
}
{
  message: 'Skipping ZNSCurvePricer deployment...',
  level: 'info',
  timestamp: '2023-12-15T19:56:30.732Z'
}
{
  message: 'ZNSTreasury found in DB at 0xdBe0d772ED438a3356306b0c287DB8Ff2CeaBA7F, no deployment needed.',
  level: 'info',
  timestamp: '2023-12-15T19:56:31.005Z'
}
{
  message: 'Updating ZNSTreasury in state from DB data with address 0xdBe0d772ED438a3356306b0c287DB8Ff2CeaBA7F',
  level: 'debug',
  timestamp: '2023-12-15T19:56:31.012Z'
}
{
  message: "Data of deployed contract 'ZNSTreasury' is added to Campaign state at 'treasury'.",
  level: 'debug',
  timestamp: '2023-12-15T19:56:31.013Z'
}
{
  message: 'Skipping ZNSTreasury deployment...',
  level: 'info',
  timestamp: '2023-12-15T19:56:31.013Z'
}
{
  message: 'ZNSRootRegistrar found in DB at 0x9afae325aF3A1791e7db459EE522c03cdcd6249e, no deployment needed.',
  level: 'info',
  timestamp: '2023-12-15T19:56:31.305Z'
}
{
  message: 'Updating ZNSRootRegistrar in state from DB data with address 0x9afae325aF3A1791e7db459EE522c03cdcd6249e',
  level: 'debug',
  timestamp: '2023-12-15T19:56:31.311Z'
}
{
  message: "Data of deployed contract 'ZNSRootRegistrar' is added to Campaign state at 'rootRegistrar'.",
  level: 'debug',
  timestamp: '2023-12-15T19:56:31.312Z'
}
{
  message: 'Skipping ZNSRootRegistrar deployment...',
  level: 'info',
  timestamp: '2023-12-15T19:56:31.313Z'
}
{
  message: "ZNSRootRegistrar doesn't need post deploy sequence",
  level: 'debug',
  timestamp: '2023-12-15T19:56:31.855Z'
}
{
  message: 'ZNSFixedPricer found in DB at 0x93dbD2628c074ac34DE76a3590178564e7E9ae56, no deployment needed.',
  level: 'info',
  timestamp: '2023-12-15T19:56:32.233Z'
}
{
  message: 'Updating ZNSFixedPricer in state from DB data with address 0x93dbD2628c074ac34DE76a3590178564e7E9ae56',
  level: 'debug',
  timestamp: '2023-12-15T19:56:32.242Z'
}
{
  message: "Data of deployed contract 'ZNSFixedPricer' is added to Campaign state at 'fixedPricer'.",
  level: 'debug',
  timestamp: '2023-12-15T19:56:32.243Z'
}
{
  message: 'Skipping ZNSFixedPricer deployment...',
  level: 'info',
  timestamp: '2023-12-15T19:56:32.243Z'
}
{
  message: 'ZNSSubRegistrar found in DB at 0x59015D820134D318C6E24f498b5d5462D2BA0E59, no deployment needed.',
  level: 'info',
  timestamp: '2023-12-15T19:56:32.552Z'
}
{
  message: 'Updating ZNSSubRegistrar in state from DB data with address 0x59015D820134D318C6E24f498b5d5462D2BA0E59',
  level: 'debug',
  timestamp: '2023-12-15T19:56:32.575Z'
}
{
  message: "Data of deployed contract 'ZNSSubRegistrar' is added to Campaign state at 'subRegistrar'.",
  level: 'debug',
  timestamp: '2023-12-15T19:56:32.577Z'
}
{
  message: 'Skipping ZNSSubRegistrar deployment...',
  level: 'info',
  timestamp: '2023-12-15T19:56:32.579Z'
}
{
  message: "ZNSSubRegistrar doesn't need post deploy sequence",
  level: 'debug',
  timestamp: '2023-12-15T19:56:33.453Z'
}
{
  message: 'Verifying ZNSAccessController on Etherscan...',
  level: 'debug',
  timestamp: '2023-12-15T19:56:33.454Z'
}
{
  message: 'Etherscan verification for ZNSAccessController finished successfully.',
  level: 'debug',
  timestamp: '2023-12-15T19:56:35.731Z'
}
{
  message: 'Verifying ZNSRegistry on Etherscan...',
  level: 'debug',
  timestamp: '2023-12-15T19:56:35.734Z'
}
{
  message: 'Etherscan verification for ZNSRegistry failed.',
  level: 'error',
  timestamp: '2023-12-15T19:56:51.399Z'
}
{
  message: '\n' +
    'Verification completed with the following errors.\n' +
    '\n' +
    'Error 1: Failed to link proxy 0xc6e485126d9ddE9907ca5065e1cB1a4e09A5a203 with its implementation. Reason: The implementation contract at 0x3b59fe571353b2e84309b00e02c374cc05d7894a does not seem to be verified. Please verify and publish the contract source before proceeding with this proxy verification.\n' +
    '\n',
  level: 'error',
  timestamp: '2023-12-15T19:56:51.402Z'
}
{
  message: 'Continuing...',
  level: 'debug',
  timestamp: '2023-12-15T19:56:51.408Z'
}
{
  message: 'Verifying ZNSDomainToken on Etherscan...',
  level: 'debug',
  timestamp: '2023-12-15T19:56:51.410Z'
}
{
  message: 'Etherscan verification for ZNSDomainToken failed.',
  level: 'error',
  timestamp: '2023-12-15T19:57:07.052Z'
}
{
  message: '\n' +
    'Verification completed with the following errors.\n' +
    '\n' +
    'Error 1: Failed to link proxy 0xc7c8A3b153A67B6BE6bCAe0fd7DeaDD6B9774941 with its implementation. Reason: The implementation contract at 0xb8e7cfd93fae9f251f3d90157a8a5ece87714f61 does not seem to be verified. Please verify and publish the contract source before proceeding with this proxy verification.\n' +
    '\n',
  level: 'error',
  timestamp: '2023-12-15T19:57:07.053Z'
}
{
  message: 'Continuing...',
  level: 'debug',
  timestamp: '2023-12-15T19:57:07.054Z'
}
{
  message: 'Verifying MeowTokenMock on Etherscan...',
  level: 'debug',
  timestamp: '2023-12-15T19:57:07.055Z'
}
{
  message: 'Etherscan verification for MeowTokenMock finished successfully.',
  level: 'debug',
  timestamp: '2023-12-15T19:57:29.005Z'
}
{
  message: 'Verifying ZNSAddressResolver on Etherscan...',
  level: 'debug',
  timestamp: '2023-12-15T19:57:29.006Z'
}
{
  message: 'Etherscan verification for ZNSAddressResolver failed.',
  level: 'error',
  timestamp: '2023-12-15T19:57:41.688Z'
}
{
  message: '\n' +
    'Verification completed with the following errors.\n' +
    '\n' +
    'Error 1: Failed to link proxy 0xc0Bc80888a76dF53290ecA1C8fbDB8e9D82319eb with its implementation. Reason: The implementation contract at 0x9ed7168e922a88cf99df4d8b066e13fd4d5f9b57 does not seem to be verified. Please verify and publish the contract source before proceeding with this proxy verification.\n' +
    '\n',
  level: 'error',
  timestamp: '2023-12-15T19:57:41.691Z'
}
{
  message: 'Continuing...',
  level: 'debug',
  timestamp: '2023-12-15T19:57:41.696Z'
}
{
  message: 'Verifying ZNSCurvePricer on Etherscan...',
  level: 'debug',
  timestamp: '2023-12-15T19:57:41.699Z'
}
{
  message: 'Etherscan verification for ZNSCurvePricer failed.',
  level: 'error',
  timestamp: '2023-12-15T19:57:57.292Z'
}
{
  message: '\n' +
    'Verification completed with the following errors.\n' +
    '\n' +
    'Error 1: Failed to link proxy 0xc301c61E6bba16555404C8aE7844D5451498bf78 with its implementation. Reason: The implementation contract at 0x82cbfb42f7f096dd28641adb22462b67de67ee79 does not seem to be verified. Please verify and publish the contract source before proceeding with this proxy verification.\n' +
    '\n',
  level: 'error',
  timestamp: '2023-12-15T19:57:57.293Z'
}
{
  message: 'Continuing...',
  level: 'debug',
  timestamp: '2023-12-15T19:57:57.295Z'
}
{
  message: 'Verifying ZNSTreasury on Etherscan...',
  level: 'debug',
  timestamp: '2023-12-15T19:57:57.295Z'
}
{
  message: 'Etherscan verification for ZNSTreasury failed.',
  level: 'error',
  timestamp: '2023-12-15T19:58:09.506Z'
}
{
  message: '\n' +
    'Verification completed with the following errors.\n' +
    '\n' +
    'Error 1: Failed to link proxy 0xdBe0d772ED438a3356306b0c287DB8Ff2CeaBA7F with its implementation. Reason: The implementation contract at 0xce69893d255de8f4c1848ba010db9d4797aebe84 does not seem to be verified. Please verify and publish the contract source before proceeding with this proxy verification.\n' +
    '\n',
  level: 'error',
  timestamp: '2023-12-15T19:58:09.507Z'
}
{
  message: 'Continuing...',
  level: 'debug',
  timestamp: '2023-12-15T19:58:09.508Z'
}
{
  message: 'Verifying ZNSRootRegistrar on Etherscan...',
  level: 'debug',
  timestamp: '2023-12-15T19:58:09.509Z'
}
{
  message: 'Etherscan verification for ZNSRootRegistrar failed.',
  level: 'error',
  timestamp: '2023-12-15T19:58:21.481Z'
}
{
  message: '\n' +
    'Verification completed with the following errors.\n' +
    '\n' +
    'Error 1: Failed to link proxy 0x9afae325aF3A1791e7db459EE522c03cdcd6249e with its implementation. Reason: The implementation contract at 0x3fdf3aabe689c7217347019a6799894cca71dc66 does not seem to be verified. Please verify and publish the contract source before proceeding with this proxy verification.\n' +
    '\n',
  level: 'error',
  timestamp: '2023-12-15T19:58:21.485Z'
}
{
  message: 'Continuing...',
  level: 'debug',
  timestamp: '2023-12-15T19:58:21.490Z'
}
{
  message: 'Verifying ZNSFixedPricer on Etherscan...',
  level: 'debug',
  timestamp: '2023-12-15T19:58:21.493Z'
}
{
  message: 'Etherscan verification for ZNSFixedPricer failed.',
  level: 'error',
  timestamp: '2023-12-15T19:58:30.037Z'
}
{
  message: '\n' +
    'Verification completed with the following errors.\n' +
    '\n' +
    'Error 1: Failed to link proxy 0x93dbD2628c074ac34DE76a3590178564e7E9ae56 with its implementation. Reason: The implementation contract at 0x6c6d8bc7d86a3a90505b616b336958fed557f7d7 does not seem to be verified. Please verify and publish the contract source before proceeding with this proxy verification.\n' +
    '\n',
  level: 'error',
  timestamp: '2023-12-15T19:58:30.038Z'
}
{
  message: 'Continuing...',
  level: 'debug',
  timestamp: '2023-12-15T19:58:30.039Z'
}
{
  message: 'Verifying ZNSSubRegistrar on Etherscan...',
  level: 'debug',
  timestamp: '2023-12-15T19:58:30.040Z'
}
{
  message: 'Etherscan verification for ZNSSubRegistrar failed.',
  level: 'error',
  timestamp: '2023-12-15T19:58:41.915Z'
}
{
  message: '\n' +
    'Verification completed with the following errors.\n' +
    '\n' +
    'Error 1: Failed to link proxy 0x59015D820134D318C6E24f498b5d5462D2BA0E59 with its implementation. Reason: The implementation contract at 0xabe74d3003e32d8766d65524470edc3bebdb9637 does not seem to be verified. Please verify and publish the contract source before proceeding with this proxy verification.\n' +
    '\n',
  level: 'error',
  timestamp: '2023-12-15T19:58:41.918Z'
}
{
  message: 'Continuing...',
  level: 'debug',
  timestamp: '2023-12-15T19:58:41.923Z'
}
{
  message: 'Pushing contracts to Tenderly...',
  level: 'info',
  timestamp: '2023-12-15T19:58:41.926Z'
}
{
  message: 'Tenderly push finished successfully for Project zns-sepolia-dev\n' +
    '        with data: ""',
  level: 'info',
  timestamp: '2023-12-15T19:58:55.536Z'
}
{
  message: 'Deploy Campaign execution finished successfully.',
  level: 'info',
  timestamp: '2023-12-15T19:58:55.537Z'
}
